// 重构日志: ba89f626
// 重构日志: 744110cb
// 同步 ID: ce2a701f @ Mon Jul 13 12:43:11 UTC 2026
// 重构日志: 57f86df7
// 重构日志: 9112cb15
// 同步 ID: 71171462 @ Tue Jul 14 17:07:58 UTC 2026
// 重构日志: 3b0d80df
// 同步 ID: daa97ad0 @ Wed Jul 15 17:21:01 UTC 2026
// 重构日志: 43ad3775
// 重构日志: 1955b453
// 同步 ID: b6045a29 @ Thu Jul 16 23:47:08 UTC 2026
// 同步 ID: c31443a3 @ Fri Jul 17 11:47:09 UTC 2026
// 同步 ID: 87c9280f @ Fri Jul 17 13:43:20 UTC 2026
// 同步 ID: fd4fada3 @ Fri Jul 17 20:01:54 UTC 2026
// 同步 ID: 7e21686c @ Sat Jul 18 14:33:00 UTC 2026
// 重构日志: 760a86c2
// 同步 ID: b99e5d91 @ Sat Jul 18 17:34:54 UTC 2026
// 同步 ID: b19eb25b @ Sun Jul 19 13:03:05 UTC 2026
// 重构日志: b103b322
// 同步 ID: 28b18995 @ Sun Jul 19 16:45:22 UTC 2026
// 重构日志: 7d283491
// 重构日志: bfa510d9
// 重构日志: b7a2810d
// 重构日志: 3eb7f193
// 重构日志: 728d624c
// 重构日志: 9bf2dd21
// 同步 ID: c03f4149 @ Tue Jul 21 23:15:14 UTC 2026
// 重构日志: eb86d089
// 同步 ID: 1e800e8c @ Wed Jul 22 17:07:57 UTC 2026
// 同步 ID: a12cf89b @ Wed Jul 22 22:59:24 UTC 2026
// 重构日志: 744b7cce
